2023-03-24 06:28:09,218:DEBUG::
2023-03-24 06:28:09,219:DEBUG::====================================================================================================
2023-03-24 06:28:09,219:INFO::Mt5scheduler App -> Scheduler.py :: Logging Active
2023-03-24 06:28:09,220:DEBUG::
2023-03-24 06:28:09,895:DEBUG::
2023-03-24 06:28:09,895:DEBUG::====================================================================================================
2023-03-24 06:28:09,896:INFO::Mt5scheduler App -> Scheduler.py :: Logging Active
2023-03-24 06:28:09,897:DEBUG::
2023-03-24 06:37:08,275:DEBUG::
2023-03-24 06:37:08,275:DEBUG::====================================================================================================
2023-03-24 06:37:08,276:INFO::Mt5scheduler App -> Scheduler.py :: Logging Active
2023-03-24 06:37:08,276:DEBUG::
2023-03-24 06:45:54,645:DEBUG::
2023-03-24 06:45:54,646:DEBUG::====================================================================================================
2023-03-24 06:45:54,646:INFO::Mt5scheduler App -> Scheduler.py :: Logging Active
2023-03-24 06:45:54,647:DEBUG::
2023-03-24 06:57:07,270:DEBUG::
2023-03-24 06:57:07,270:DEBUG::====================================================================================================
2023-03-24 06:57:07,271:INFO::Mt5scheduler App -> Scheduler.py :: Logging Active
2023-03-24 06:57:07,271:DEBUG::
2023-03-24 06:57:07,324:INFO::Added job '87d62f9939704236ad9677e1efcf3675'.
2023-03-24 06:57:07,325:INFO::Added Daily job: 'delete_old_job_executions'.
2023-03-24 06:57:07,326:INFO::Starting scheduler...
2023-03-24 06:58:46,693:DEBUG::
2023-03-24 06:58:46,694:DEBUG::====================================================================================================
2023-03-24 06:58:46,694:INFO::Mt5scheduler App -> Scheduler.py :: Logging Active
2023-03-24 06:58:46,695:DEBUG::
2023-03-24 06:58:46,732:INFO::Added job '0c8e5327083c4c4da2bd7b6106e5dbb7'.
2023-03-24 06:58:46,733:INFO::Added Daily job: 'delete_old_job_executions'.
2023-03-24 06:58:46,734:INFO::Starting scheduler...
2023-03-24 07:02:54,650:DEBUG::
2023-03-24 07:02:54,650:DEBUG::====================================================================================================
2023-03-24 07:02:54,651:INFO::Mt5scheduler App -> Scheduler.py :: Logging Active
2023-03-24 07:02:54,651:DEBUG::
2023-03-24 07:02:54,692:INFO::Added job '5dd1f22f8b2c4a4fa846d9a4e1007e75'.
2023-03-24 07:02:54,693:INFO::Added Daily job: 'delete_old_job_executions'.
2023-03-24 07:02:54,693:INFO::Starting scheduler...
2023-03-24 07:13:11,911:DEBUG::
2023-03-24 07:13:11,911:DEBUG::====================================================================================================
2023-03-24 07:13:11,912:INFO::Mt5scheduler App -> Scheduler.py :: Logging Active
2023-03-24 07:13:11,912:DEBUG::
2023-03-24 07:13:11,952:INFO::Added Daily job: 'delete_old_job_executions'.
2023-03-24 07:13:11,952:INFO::Starting scheduler...
2023-03-24 07:38:10,592:DEBUG::
2023-03-24 07:38:10,593:DEBUG::====================================================================================================
2023-03-24 07:38:10,593:INFO::Mt5scheduler App -> Scheduler.py :: Logging Active
2023-03-24 07:38:10,594:DEBUG::
2023-03-24 07:38:10,639:INFO::Added job '5fd633b0417f49548bbf7fce03784e48'.
2023-03-24 07:38:10,640:INFO::Added Daily job: 'delete_old_job_executions'.
2023-03-24 07:38:10,640:INFO::Starting scheduler...
2023-03-24 09:15:12,490:DEBUG::
2023-03-24 09:15:12,490:DEBUG::====================================================================================================
2023-03-24 09:15:12,490:INFO::Mt5scheduler App -> Scheduler.py :: Logging Active
2023-03-24 09:15:12,490:DEBUG::
2023-03-24 09:15:12,511:INFO::Added job '21bdf168329e453fb483e453b03a896d'.
2023-03-24 09:15:12,512:INFO::Added Daily job: 'delete_old_job_executions'.
2023-03-24 09:15:12,512:INFO::Starting scheduler...
2023-03-24 09:15:56,512:DEBUG::
2023-03-24 09:15:56,512:DEBUG::====================================================================================================
2023-03-24 09:15:56,513:INFO::Mt5scheduler App -> Scheduler.py :: Logging Active
2023-03-24 09:15:56,513:DEBUG::
2023-03-24 09:15:56,532:INFO::Added job '77bb8cc527164034bb306137ed95ef74'.
2023-03-24 09:15:56,533:INFO::Added Daily job: 'delete_old_job_executions'.
2023-03-24 09:15:56,533:INFO::Starting scheduler...
